{"/Users/donna/alchemy/career-track/lab-006/lib/models/album.js": {"path":"/Users/donna/alchemy/career-track/lab-006/lib/models/album.js","statementMap":{"0":{"start":{"line":1,"column":17},"end":{"line":1,"column":36}},"1":{"start":{"line":3,"column":19},"end":{"line":3,"column":27}},"2":{"start":{"line":5,"column":15},"end":{"line":42,"column":2}},"3":{"start":{"line":44,"column":0},"end":{"line":44,"column":49}}},"fnMap":{},"branchMap":{},"s":{"0":1,"1":1,"2":1,"3":1},"f":{},"b":{},"_coverageSchema":"43e27e138ebf9cfc5966b082cf9a028302ed4184","hash":"95257cdca8e6942e5bdc16458297a00cb781c172"}
}
